{"/Users/knguyen/Documents/ada/backend-ccp/src/index.ts": {"path":"/Users/knguyen/Documents/ada/backend-ccp/src/index.ts","statementMap":{"0":{"start":{"line":7,"column":0},"end":{"line":7,"column":16}},"1":{"start":{"line":9,"column":25},"end":{"line":9,"column":34}},"2":{"start":{"line":10,"column":13},"end":{"line":10,"column":37}},"3":{"start":{"line":12,"column":0},"end":{"line":12,"column":16}},"4":{"start":{"line":13,"column":0},"end":{"line":13,"column":27}},"5":{"start":{"line":15,"column":0},"end":{"line":17,"column":3}},"6":{"start":{"line":16,"column":2},"end":{"line":16,"column":53}},"7":{"start":{"line":19,"column":0},"end":{"line":19,"column":30}},"8":{"start":{"line":21,"column":0},"end":{"line":25,"column":1}},"9":{"start":{"line":22,"column":2},"end":{"line":24,"column":5}},"10":{"start":{"line":23,"column":4},"end":{"line":23,"column":65}}},"fnMap":{"0":{"name":"(anonymous_0)","decl":{"start":{"line":15,"column":13},"end":{"line":15,"column":14}},"loc":{"start":{"line":15,"column":46},"end":{"line":17,"column":1}},"line":15},"1":{"name":"(anonymous_1)","decl":{"start":{"line":22,"column":19},"end":{"line":22,"column":20}},"loc":{"start":{"line":22,"column":25},"end":{"line":24,"column":3}},"line":22}},"branchMap":{"0":{"loc":{"start":{"line":10,"column":13},"end":{"line":10,"column":37}},"type":"binary-expr","locations":[{"start":{"line":10,"column":13},"end":{"line":10,"column":29}},{"start":{"line":10,"column":33},"end":{"line":10,"column":37}}],"line":10},"1":{"loc":{"start":{"line":21,"column":0},"end":{"line":25,"column":1}},"type":"if","locations":[{"start":{"line":21,"column":0},"end":{"line":25,"column":1}},{"start":{},"end":{}}],"line":21}},"s":{"0":1,"1":1,"2":1,"3":1,"4":1,"5":1,"6":1,"7":1,"8":1,"9":0,"10":0},"f":{"0":1,"1":0},"b":{"0":[1,0],"1":[0,1]},"_coverageSchema":"1a1c01bbd47fc00a2c39e90264f33305004495a9","hash":"fc653a79ec61e52d152080a0208b6288c45f0e8c"}
,"/Users/knguyen/Documents/ada/backend-ccp/src/config/firebaseConfig.ts": {"path":"/Users/knguyen/Documents/ada/backend-ccp/src/config/firebaseConfig.ts","statementMap":{"0":{"start":{"line":4,"column":0},"end":{"line":4,"column":16}},"1":{"start":{"line":7,"column":23},"end":{"line":18,"column":1}},"2":{"start":{"line":20,"column":0},"end":{"line":25,"column":1}},"3":{"start":{"line":21,"column":2},"end":{"line":24,"column":5}}},"fnMap":{},"branchMap":{"0":{"loc":{"start":{"line":20,"column":0},"end":{"line":25,"column":1}},"type":"if","locations":[{"start":{"line":20,"column":0},"end":{"line":25,"column":1}},{"start":{},"end":{}}],"line":20}},"s":{"0":1,"1":1,"2":1,"3":1},"f":{},"b":{"0":[1,0]},"_coverageSchema":"1a1c01bbd47fc00a2c39e90264f33305004495a9","hash":"62d907d76efa22c5e345859e474317e13eee56c7"}
,"/Users/knguyen/Documents/ada/backend-ccp/src/models/geminiModels.ts": {"path":"/Users/knguyen/Documents/ada/backend-ccp/src/models/geminiModels.ts","statementMap":{"0":{"start":{"line":3,"column":43},"end":{"line":34,"column":1}},"1":{"start":{"line":4,"column":17},"end":{"line":4,"column":36}},"2":{"start":{"line":5,"column":2},"end":{"line":7,"column":3}},"3":{"start":{"line":6,"column":4},"end":{"line":6,"column":75}},"4":{"start":{"line":9,"column":16},"end":{"line":9,"column":46}},"5":{"start":{"line":11,"column":17},"end":{"line":25,"column":3}},"6":{"start":{"line":27,"column":2},"end":{"line":33,"column":5}}},"fnMap":{"0":{"name":"(anonymous_0)","decl":{"start":{"line":3,"column":43},"end":{"line":3,"column":44}},"loc":{"start":{"line":3,"column":49},"end":{"line":34,"column":1}},"line":3}},"branchMap":{"0":{"loc":{"start":{"line":5,"column":2},"end":{"line":7,"column":3}},"type":"if","locations":[{"start":{"line":5,"column":2},"end":{"line":7,"column":3}},{"start":{},"end":{}}],"line":5}},"s":{"0":1,"1":2,"2":2,"3":0,"4":2,"5":2,"6":2},"f":{"0":2},"b":{"0":[0,2]},"_coverageSchema":"1a1c01bbd47fc00a2c39e90264f33305004495a9","hash":"222c7ab3fcdcb221d6cf8e14a1167933209beb17"}
,"/Users/knguyen/Documents/ada/backend-ccp/src/routes/geminiRoutes.ts": {"path":"/Users/knguyen/Documents/ada/backend-ccp/src/routes/geminiRoutes.ts","statementMap":{"0":{"start":{"line":5,"column":15},"end":{"line":5,"column":23}},"1":{"start":{"line":7,"column":0},"end":{"line":16,"column":3}},"2":{"start":{"line":8,"column":2},"end":{"line":15,"column":3}},"3":{"start":{"line":9,"column":20},"end":{"line":9,"column":55}},"4":{"start":{"line":10,"column":4},"end":{"line":10,"column":43}},"5":{"start":{"line":11,"column":4},"end":{"line":11,"column":66}},"6":{"start":{"line":13,"column":4},"end":{"line":13,"column":48}},"7":{"start":{"line":14,"column":4},"end":{"line":14,"column":63}},"8":{"start":{"line":18,"column":0},"end":{"line":26,"column":3}},"9":{"start":{"line":19,"column":2},"end":{"line":25,"column":3}},"10":{"start":{"line":20,"column":20},"end":{"line":20,"column":50}},"11":{"start":{"line":21,"column":4},"end":{"line":21,"column":26}},"12":{"start":{"line":23,"column":4},"end":{"line":23,"column":52}},"13":{"start":{"line":24,"column":4},"end":{"line":24,"column":67}},"14":{"start":{"line":28,"column":0},"end":{"line":30,"column":3}},"15":{"start":{"line":29,"column":2},"end":{"line":29,"column":53}}},"fnMap":{"0":{"name":"(anonymous_0)","decl":{"start":{"line":7,"column":24},"end":{"line":7,"column":25}},"loc":{"start":{"line":7,"column":44},"end":{"line":16,"column":1}},"line":7},"1":{"name":"(anonymous_1)","decl":{"start":{"line":18,"column":23},"end":{"line":18,"column":24}},"loc":{"start":{"line":18,"column":43},"end":{"line":26,"column":1}},"line":18},"2":{"name":"(anonymous_2)","decl":{"start":{"line":28,"column":11},"end":{"line":28,"column":12}},"loc":{"start":{"line":28,"column":25},"end":{"line":30,"column":1}},"line":28}},"branchMap":{},"s":{"0":1,"1":1,"2":1,"3":1,"4":1,"5":1,"6":0,"7":0,"8":1,"9":1,"10":1,"11":1,"12":0,"13":0,"14":1,"15":0},"f":{"0":1,"1":1,"2":0},"b":{},"_coverageSchema":"1a1c01bbd47fc00a2c39e90264f33305004495a9","hash":"4394977ac5628c279fb9c1c745f99033bb6ead26"}
,"/Users/knguyen/Documents/ada/backend-ccp/src/services/firebaseService.ts": {"path":"/Users/knguyen/Documents/ada/backend-ccp/src/services/firebaseService.ts","statementMap":{"0":{"start":{"line":4,"column":39},"end":{"line":14,"column":1}},"1":{"start":{"line":5,"column":2},"end":{"line":13,"column":3}},"2":{"start":{"line":6,"column":15},"end":{"line":6,"column":31}},"3":{"start":{"line":7,"column":16},"end":{"line":7,"column":46}},"4":{"start":{"line":8,"column":4},"end":{"line":8,"column":27}},"5":{"start":{"line":9,"column":4},"end":{"line":9,"column":59}},"6":{"start":{"line":11,"column":4},"end":{"line":11,"column":54}},"7":{"start":{"line":12,"column":4},"end":{"line":12,"column":16}},"8":{"start":{"line":16,"column":38},"end":{"line":26,"column":1}},"9":{"start":{"line":17,"column":2},"end":{"line":25,"column":3}},"10":{"start":{"line":18,"column":15},"end":{"line":18,"column":31}},"11":{"start":{"line":19,"column":16},"end":{"line":19,"column":46}},"12":{"start":{"line":20,"column":21},"end":{"line":20,"column":44}},"13":{"start":{"line":21,"column":4},"end":{"line":21,"column":32}},"14":{"start":{"line":23,"column":4},"end":{"line":23,"column":68}},"15":{"start":{"line":24,"column":4},"end":{"line":24,"column":14}},"16":{"start":{"line":28,"column":31},"end":{"line":35,"column":1}},"17":{"start":{"line":29,"column":2},"end":{"line":34,"column":3}},"18":{"start":{"line":30,"column":4},"end":{"line":30,"column":31}},"19":{"start":{"line":31,"column":4},"end":{"line":31,"column":47}},"20":{"start":{"line":33,"column":4},"end":{"line":33,"column":59}}},"fnMap":{"0":{"name":"(anonymous_0)","decl":{"start":{"line":4,"column":39},"end":{"line":4,"column":40}},"loc":{"start":{"line":4,"column":92},"end":{"line":14,"column":1}},"line":4},"1":{"name":"(anonymous_1)","decl":{"start":{"line":16,"column":38},"end":{"line":16,"column":39}},"loc":{"start":{"line":16,"column":50},"end":{"line":26,"column":1}},"line":16},"2":{"name":"(anonymous_2)","decl":{"start":{"line":28,"column":31},"end":{"line":28,"column":32}},"loc":{"start":{"line":28,"column":43},"end":{"line":35,"column":1}},"line":28}},"branchMap":{"0":{"loc":{"start":{"line":21,"column":11},"end":{"line":21,"column":31}},"type":"binary-expr","locations":[{"start":{"line":21,"column":11},"end":{"line":21,"column":25}},{"start":{"line":21,"column":29},"end":{"line":21,"column":31}}],"line":21}},"s":{"0":1,"1":2,"2":2,"3":2,"4":2,"5":2,"6":0,"7":0,"8":1,"9":1,"10":1,"11":1,"12":1,"13":1,"14":0,"15":0,"16":1,"17":0,"18":0,"19":0,"20":0},"f":{"0":2,"1":1,"2":0},"b":{"0":[1,0]},"_coverageSchema":"1a1c01bbd47fc00a2c39e90264f33305004495a9","hash":"4b712b32fc146ad0ba3bd8e05abd499b6cdcccc0"}
,"/Users/knguyen/Documents/ada/backend-ccp/src/services/geminiService.ts": {"path":"/Users/knguyen/Documents/ada/backend-ccp/src/services/geminiService.ts","statementMap":{"0":{"start":{"line":4,"column":41},"end":{"line":11,"column":1}},"1":{"start":{"line":5,"column":2},"end":{"line":10,"column":3}},"2":{"start":{"line":6,"column":25},"end":{"line":6,"column":60}},"3":{"start":{"line":7,"column":6},"end":{"line":7,"column":48}},"4":{"start":{"line":9,"column":6},"end":{"line":9,"column":67}},"5":{"start":{"line":13,"column":43},"end":{"line":45,"column":1}},"6":{"start":{"line":14,"column":2},"end":{"line":44,"column":3}},"7":{"start":{"line":15,"column":18},"end":{"line":15,"column":47}},"8":{"start":{"line":17,"column":19},"end":{"line":17,"column":407}},"9":{"start":{"line":19,"column":19},"end":{"line":19,"column":54}},"10":{"start":{"line":21,"column":23},"end":{"line":21,"column":56}},"11":{"start":{"line":22,"column":4},"end":{"line":24,"column":5}},"12":{"start":{"line":23,"column":6},"end":{"line":23,"column":62}},"13":{"start":{"line":26,"column":20},"end":{"line":26,"column":66}},"14":{"start":{"line":27,"column":4},"end":{"line":29,"column":5}},"15":{"start":{"line":28,"column":6},"end":{"line":28,"column":68}},"16":{"start":{"line":31,"column":4},"end":{"line":40,"column":5}},"17":{"start":{"line":32,"column":22},"end":{"line":35,"column":9}},"18":{"start":{"line":32,"column":92},"end":{"line":35,"column":7}},"19":{"start":{"line":36,"column":6},"end":{"line":36,"column":21}},"20":{"start":{"line":38,"column":6},"end":{"line":38,"column":46}},"21":{"start":{"line":39,"column":6},"end":{"line":39,"column":81}},"22":{"start":{"line":42,"column":4},"end":{"line":42,"column":67}},"23":{"start":{"line":43,"column":4},"end":{"line":43,"column":16}},"24":{"start":{"line":47,"column":17},"end":{"line":47,"column":35}},"25":{"start":{"line":48,"column":0},"end":{"line":48,"column":49}},"26":{"start":{"line":50,"column":0},"end":{"line":50,"column":28}}},"fnMap":{"0":{"name":"(anonymous_0)","decl":{"start":{"line":4,"column":41},"end":{"line":4,"column":42}},"loc":{"start":{"line":4,"column":53},"end":{"line":11,"column":1}},"line":4},"1":{"name":"(anonymous_1)","decl":{"start":{"line":13,"column":43},"end":{"line":13,"column":44}},"loc":{"start":{"line":13,"column":55},"end":{"line":45,"column":1}},"line":13},"2":{"name":"(anonymous_2)","decl":{"start":{"line":32,"column":46},"end":{"line":32,"column":47}},"loc":{"start":{"line":32,"column":92},"end":{"line":35,"column":7}},"line":32}},"branchMap":{"0":{"loc":{"start":{"line":21,"column":23},"end":{"line":21,"column":56}},"type":"binary-expr","locations":[{"start":{"line":21,"column":23},"end":{"line":21,"column":50}},{"start":{"line":21,"column":54},"end":{"line":21,"column":56}}],"line":21},"1":{"loc":{"start":{"line":22,"column":4},"end":{"line":24,"column":5}},"type":"if","locations":[{"start":{"line":22,"column":4},"end":{"line":24,"column":5}},{"start":{},"end":{}}],"line":22},"2":{"loc":{"start":{"line":26,"column":20},"end":{"line":26,"column":66}},"type":"binary-expr","locations":[{"start":{"line":26,"column":20},"end":{"line":26,"column":60}},{"start":{"line":26,"column":64},"end":{"line":26,"column":66}}],"line":26},"3":{"loc":{"start":{"line":27,"column":4},"end":{"line":29,"column":5}},"type":"if","locations":[{"start":{"line":27,"column":4},"end":{"line":29,"column":5}},{"start":{},"end":{}}],"line":27}},"s":{"0":1,"1":1,"2":1,"3":1,"4":0,"5":1,"6":2,"7":2,"8":2,"9":2,"10":2,"11":2,"12":0,"13":2,"14":2,"15":0,"16":2,"17":2,"18":18,"19":2,"20":0,"21":0,"22":0,"23":0,"24":1,"25":1,"26":1},"f":{"0":1,"1":2,"2":18},"b":{"0":[2,0],"1":[0,2],"2":[2,0],"3":[0,2]},"_coverageSchema":"1a1c01bbd47fc00a2c39e90264f33305004495a9","hash":"2f6b6ebe37026522527e567c2658f69d4976c1bd"}
}
