TN:
SF:src/index.ts
FN:15,(anonymous_0)
FN:22,(anonymous_1)
FNF:2
FNH:1
FNDA:1,(anonymous_0)
FNDA:0,(anonymous_1)
DA:7,1
DA:9,1
DA:10,1
DA:12,1
DA:13,1
DA:15,1
DA:16,1
DA:19,1
DA:21,1
DA:22,0
DA:23,0
LF:11
LH:9
BRDA:10,0,0,1
BRDA:10,0,1,0
BRDA:21,1,0,0
BRDA:21,1,1,1
BRF:4
BRH:2
end_of_record
TN:
SF:src/config/firebaseConfig.ts
FNF:0
FNH:0
DA:4,1
DA:7,1
DA:20,1
DA:21,1
LF:4
LH:4
BRDA:20,0,0,1
BRDA:20,0,1,0
BRF:2
BRH:1
end_of_record
TN:
SF:src/models/geminiModels.ts
FN:3,(anonymous_0)
FNF:1
FNH:1
FNDA:2,(anonymous_0)
DA:3,1
DA:4,2
DA:5,2
DA:6,0
DA:9,2
DA:11,2
DA:27,2
LF:7
LH:6
BRDA:5,0,0,0
BRDA:5,0,1,2
BRF:2
BRH:1
end_of_record
TN:
SF:src/routes/geminiRoutes.ts
FN:7,(anonymous_0)
FN:18,(anonymous_1)
FN:28,(anonymous_2)
FNF:3
FNH:2
FNDA:1,(anonymous_0)
FNDA:1,(anonymous_1)
FNDA:0,(anonymous_2)
DA:5,1
DA:7,1
DA:8,1
DA:9,1
DA:10,1
DA:11,1
DA:13,0
DA:14,0
DA:18,1
DA:19,1
DA:20,1
DA:21,1
DA:23,0
DA:24,0
DA:28,1
DA:29,0
LF:16
LH:11
BRF:0
BRH:0
end_of_record
TN:
SF:src/services/firebaseService.ts
FN:4,(anonymous_0)
FN:16,(anonymous_1)
FN:28,(anonymous_2)
FNF:3
FNH:2
FNDA:2,(anonymous_0)
FNDA:1,(anonymous_1)
FNDA:0,(anonymous_2)
DA:4,1
DA:5,2
DA:6,2
DA:7,2
DA:8,2
DA:9,2
DA:11,0
DA:12,0
DA:16,1
DA:17,1
DA:18,1
DA:19,1
DA:20,1
DA:21,1
DA:23,0
DA:24,0
DA:28,1
DA:29,0
DA:30,0
DA:31,0
DA:33,0
LF:21
LH:13
BRDA:21,0,0,1
BRDA:21,0,1,0
BRF:2
BRH:1
end_of_record
TN:
SF:src/services/geminiService.ts
FN:4,(anonymous_0)
FN:13,(anonymous_1)
FN:32,(anonymous_2)
FNF:3
FNH:3
FNDA:1,(anonymous_0)
FNDA:2,(anonymous_1)
FNDA:18,(anonymous_2)
DA:4,1
DA:5,1
DA:6,1
DA:7,1
DA:9,0
DA:13,1
DA:14,2
DA:15,2
DA:17,2
DA:19,2
DA:21,2
DA:22,2
DA:23,0
DA:26,2
DA:27,2
DA:28,0
DA:31,2
DA:32,18
DA:36,2
DA:38,0
DA:39,0
DA:42,0
DA:43,0
DA:47,1
DA:48,1
DA:50,1
LF:26
LH:19
BRDA:21,0,0,2
BRDA:21,0,1,0
BRDA:22,1,0,0
BRDA:22,1,1,2
BRDA:26,2,0,2
BRDA:26,2,1,0
BRDA:27,3,0,0
BRDA:27,3,1,2
BRF:8
BRH:4
end_of_record
